<?xml version="1.0" encoding="UTF-8"?>
<testsuite xmlns:xsi="http://www.w3.org/2001/XMLSchema-instance" xsi:noNamespaceSchemaLocation="https://maven.apache.org/surefire/maven-surefire-plugin/xsd/surefire-test-report.xsd" name="dev.kanto.CyberGame.CyberGameApplicationTests" time="5.414" tests="1" errors="0" skipped="0" failures="0">
  <properties>
    <property name="java.specification.version" value="18"/>
    <property name="sun.jnu.encoding" value="UTF-8"/>
    <property name="java.class.path" value="/Users/obi/Documents/Dev/DanSciGame/server/target/test-classes:/Users/obi/Documents/Dev/DanSciGame/server/target/classes:/Users/obi/.m2/repository/org/springframework/boot/spring-boot-starter-data-mongodb/2.6.7/spring-boot-starter-data-mongodb-2.6.7.jar:/Users/obi/.m2/repository/org/springframework/boot/spring-boot-starter/2.6.7/spring-boot-starter-2.6.7.jar:/Users/obi/.m2/repository/org/springframework/boot/spring-boot/2.6.7/spring-boot-2.6.7.jar:/Users/obi/.m2/repository/org/springframework/boot/spring-boot-autoconfigure/2.6.7/spring-boot-autoconfigure-2.6.7.jar:/Users/obi/.m2/repository/org/springframework/boot/spring-boot-starter-logging/2.6.7/spring-boot-starter-logging-2.6.7.jar:/Users/obi/.m2/repository/ch/qos/logback/logback-classic/1.2.11/logback-classic-1.2.11.jar:/Users/obi/.m2/repository/ch/qos/logback/logback-core/1.2.11/logback-core-1.2.11.jar:/Users/obi/.m2/repository/org/apache/logging/log4j/log4j-to-slf4j/2.17.2/log4j-to-slf4j-2.17.2.jar:/Users/obi/.m2/repository/org/apache/logging/log4j/log4j-api/2.17.2/log4j-api-2.17.2.jar:/Users/obi/.m2/repository/org/slf4j/jul-to-slf4j/1.7.36/jul-to-slf4j-1.7.36.jar:/Users/obi/.m2/repository/jakarta/annotation/jakarta.annotation-api/1.3.5/jakarta.annotation-api-1.3.5.jar:/Users/obi/.m2/repository/org/yaml/snakeyaml/1.29/snakeyaml-1.29.jar:/Users/obi/.m2/repository/org/mongodb/mongodb-driver-sync/4.4.2/mongodb-driver-sync-4.4.2.jar:/Users/obi/.m2/repository/org/mongodb/bson/4.4.2/bson-4.4.2.jar:/Users/obi/.m2/repository/org/mongodb/mongodb-driver-core/4.4.2/mongodb-driver-core-4.4.2.jar:/Users/obi/.m2/repository/org/springframework/data/spring-data-mongodb/3.3.4/spring-data-mongodb-3.3.4.jar:/Users/obi/.m2/repository/org/springframework/spring-tx/5.3.19/spring-tx-5.3.19.jar:/Users/obi/.m2/repository/org/springframework/spring-context/5.3.19/spring-context-5.3.19.jar:/Users/obi/.m2/repository/org/springframework/spring-beans/5.3.19/spring-beans-5.3.19.jar:/Users/obi/.m2/repository/org/springframework/spring-expression/5.3.19/spring-expression-5.3.19.jar:/Users/obi/.m2/repository/org/springframework/data/spring-data-commons/2.6.4/spring-data-commons-2.6.4.jar:/Users/obi/.m2/repository/org/slf4j/slf4j-api/1.7.36/slf4j-api-1.7.36.jar:/Users/obi/.m2/repository/org/springframework/boot/spring-boot-starter-web/2.6.7/spring-boot-starter-web-2.6.7.jar:/Users/obi/.m2/repository/org/springframework/boot/spring-boot-starter-json/2.6.7/spring-boot-starter-json-2.6.7.jar:/Users/obi/.m2/repository/com/fasterxml/jackson/datatype/jackson-datatype-jdk8/2.13.2/jackson-datatype-jdk8-2.13.2.jar:/Users/obi/.m2/repository/com/fasterxml/jackson/datatype/jackson-datatype-jsr310/2.13.2/jackson-datatype-jsr310-2.13.2.jar:/Users/obi/.m2/repository/com/fasterxml/jackson/module/jackson-module-parameter-names/2.13.2/jackson-module-parameter-names-2.13.2.jar:/Users/obi/.m2/repository/org/springframework/boot/spring-boot-starter-tomcat/2.6.7/spring-boot-starter-tomcat-2.6.7.jar:/Users/obi/.m2/repository/org/apache/tomcat/embed/tomcat-embed-core/9.0.62/tomcat-embed-core-9.0.62.jar:/Users/obi/.m2/repository/org/apache/tomcat/embed/tomcat-embed-el/9.0.62/tomcat-embed-el-9.0.62.jar:/Users/obi/.m2/repository/org/apache/tomcat/embed/tomcat-embed-websocket/9.0.62/tomcat-embed-websocket-9.0.62.jar:/Users/obi/.m2/repository/org/springframework/spring-web/5.3.19/spring-web-5.3.19.jar:/Users/obi/.m2/repository/org/springframework/spring-webmvc/5.3.19/spring-webmvc-5.3.19.jar:/Users/obi/.m2/repository/org/springframework/spring-aop/5.3.19/spring-aop-5.3.19.jar:/Users/obi/.m2/repository/org/springframework/boot/spring-boot-starter-data-rest/2.6.7/spring-boot-starter-data-rest-2.6.7.jar:/Users/obi/.m2/repository/org/springframework/data/spring-data-rest-webmvc/3.6.4/spring-data-rest-webmvc-3.6.4.jar:/Users/obi/.m2/repository/org/springframework/data/spring-data-rest-core/3.6.4/spring-data-rest-core-3.6.4.jar:/Users/obi/.m2/repository/org/springframework/hateoas/spring-hateoas/1.4.2/spring-hateoas-1.4.2.jar:/Users/obi/.m2/repository/org/springframework/plugin/spring-plugin-core/2.0.0.RELEASE/spring-plugin-core-2.0.0.RELEASE.jar:/Users/obi/.m2/repository/org/atteo/evo-inflector/1.3/evo-inflector-1.3.jar:/Users/obi/.m2/repository/com/fasterxml/jackson/core/jackson-annotations/2.13.2/jackson-annotations-2.13.2.jar:/Users/obi/.m2/repository/org/projectlombok/lombok/1.18.24/lombok-1.18.24.jar:/Users/obi/.m2/repository/org/springframework/boot/spring-boot-starter-test/2.6.7/spring-boot-starter-test-2.6.7.jar:/Users/obi/.m2/repository/org/springframework/boot/spring-boot-test/2.6.7/spring-boot-test-2.6.7.jar:/Users/obi/.m2/repository/org/springframework/boot/spring-boot-test-autoconfigure/2.6.7/spring-boot-test-autoconfigure-2.6.7.jar:/Users/obi/.m2/repository/com/jayway/jsonpath/json-path/2.6.0/json-path-2.6.0.jar:/Users/obi/.m2/repository/net/minidev/json-smart/2.4.8/json-smart-2.4.8.jar:/Users/obi/.m2/repository/net/minidev/accessors-smart/2.4.8/accessors-smart-2.4.8.jar:/Users/obi/.m2/repository/org/ow2/asm/asm/9.1/asm-9.1.jar:/Users/obi/.m2/repository/jakarta/xml/bind/jakarta.xml.bind-api/2.3.3/jakarta.xml.bind-api-2.3.3.jar:/Users/obi/.m2/repository/jakarta/activation/jakarta.activation-api/1.2.2/jakarta.activation-api-1.2.2.jar:/Users/obi/.m2/repository/org/assertj/assertj-core/3.21.0/assertj-core-3.21.0.jar:/Users/obi/.m2/repository/org/hamcrest/hamcrest/2.2/hamcrest-2.2.jar:/Users/obi/.m2/repository/org/junit/jupiter/junit-jupiter/5.8.2/junit-jupiter-5.8.2.jar:/Users/obi/.m2/repository/org/junit/jupiter/junit-jupiter-api/5.8.2/junit-jupiter-api-5.8.2.jar:/Users/obi/.m2/repository/org/opentest4j/opentest4j/1.2.0/opentest4j-1.2.0.jar:/Users/obi/.m2/repository/org/junit/platform/junit-platform-commons/1.8.2/junit-platform-commons-1.8.2.jar:/Users/obi/.m2/repository/org/apiguardian/apiguardian-api/1.1.2/apiguardian-api-1.1.2.jar:/Users/obi/.m2/repository/org/junit/jupiter/junit-jupiter-params/5.8.2/junit-jupiter-params-5.8.2.jar:/Users/obi/.m2/repository/org/junit/jupiter/junit-jupiter-engine/5.8.2/junit-jupiter-engine-5.8.2.jar:/Users/obi/.m2/repository/org/junit/platform/junit-platform-engine/1.8.2/junit-platform-engine-1.8.2.jar:/Users/obi/.m2/repository/org/mockito/mockito-core/4.0.0/mockito-core-4.0.0.jar:/Users/obi/.m2/repository/net/bytebuddy/byte-buddy/1.11.22/byte-buddy-1.11.22.jar:/Users/obi/.m2/repository/net/bytebuddy/byte-buddy-agent/1.11.22/byte-buddy-agent-1.11.22.jar:/Users/obi/.m2/repository/org/objenesis/objenesis/3.2/objenesis-3.2.jar:/Users/obi/.m2/repository/org/mockito/mockito-junit-jupiter/4.0.0/mockito-junit-jupiter-4.0.0.jar:/Users/obi/.m2/repository/org/skyscreamer/jsonassert/1.5.0/jsonassert-1.5.0.jar:/Users/obi/.m2/repository/com/vaadin/external/google/android-json/0.0.20131108.vaadin1/android-json-0.0.20131108.vaadin1.jar:/Users/obi/.m2/repository/org/springframework/spring-core/5.3.19/spring-core-5.3.19.jar:/Users/obi/.m2/repository/org/springframework/spring-jcl/5.3.19/spring-jcl-5.3.19.jar:/Users/obi/.m2/repository/org/springframework/spring-test/5.3.19/spring-test-5.3.19.jar:/Users/obi/.m2/repository/org/xmlunit/xmlunit-core/2.8.4/xmlunit-core-2.8.4.jar:/Users/obi/.m2/repository/org/springframework/boot/spring-boot-starter-webflux/2.6.7/spring-boot-starter-webflux-2.6.7.jar:/Users/obi/.m2/repository/org/springframework/boot/spring-boot-starter-reactor-netty/2.6.7/spring-boot-starter-reactor-netty-2.6.7.jar:/Users/obi/.m2/repository/io/projectreactor/netty/reactor-netty-http/1.0.18/reactor-netty-http-1.0.18.jar:/Users/obi/.m2/repository/io/netty/netty-codec-http/4.1.76.Final/netty-codec-http-4.1.76.Final.jar:/Users/obi/.m2/repository/io/netty/netty-common/4.1.76.Final/netty-common-4.1.76.Final.jar:/Users/obi/.m2/repository/io/netty/netty-buffer/4.1.76.Final/netty-buffer-4.1.76.Final.jar:/Users/obi/.m2/repository/io/netty/netty-transport/4.1.76.Final/netty-transport-4.1.76.Final.jar:/Users/obi/.m2/repository/io/netty/netty-codec/4.1.76.Final/netty-codec-4.1.76.Final.jar:/Users/obi/.m2/repository/io/netty/netty-handler/4.1.76.Final/netty-handler-4.1.76.Final.jar:/Users/obi/.m2/repository/io/netty/netty-codec-http2/4.1.76.Final/netty-codec-http2-4.1.76.Final.jar:/Users/obi/.m2/repository/io/netty/netty-resolver-dns/4.1.76.Final/netty-resolver-dns-4.1.76.Final.jar:/Users/obi/.m2/repository/io/netty/netty-resolver/4.1.76.Final/netty-resolver-4.1.76.Final.jar:/Users/obi/.m2/repository/io/netty/netty-codec-dns/4.1.76.Final/netty-codec-dns-4.1.76.Final.jar:/Users/obi/.m2/repository/io/netty/netty-resolver-dns-native-macos/4.1.76.Final/netty-resolver-dns-native-macos-4.1.76.Final-osx-x86_64.jar:/Users/obi/.m2/repository/io/netty/netty-resolver-dns-classes-macos/4.1.76.Final/netty-resolver-dns-classes-macos-4.1.76.Final.jar:/Users/obi/.m2/repository/io/netty/netty-transport-native-epoll/4.1.76.Final/netty-transport-native-epoll-4.1.76.Final-linux-x86_64.jar:/Users/obi/.m2/repository/io/netty/netty-transport-native-unix-common/4.1.76.Final/netty-transport-native-unix-common-4.1.76.Final.jar:/Users/obi/.m2/repository/io/netty/netty-transport-classes-epoll/4.1.76.Final/netty-transport-classes-epoll-4.1.76.Final.jar:/Users/obi/.m2/repository/io/projectreactor/netty/reactor-netty-core/1.0.18/reactor-netty-core-1.0.18.jar:/Users/obi/.m2/repository/io/netty/netty-handler-proxy/4.1.76.Final/netty-handler-proxy-4.1.76.Final.jar:/Users/obi/.m2/repository/io/netty/netty-codec-socks/4.1.76.Final/netty-codec-socks-4.1.76.Final.jar:/Users/obi/.m2/repository/org/springframework/spring-webflux/5.3.19/spring-webflux-5.3.19.jar:/Users/obi/.m2/repository/io/projectreactor/reactor-core/3.4.17/reactor-core-3.4.17.jar:/Users/obi/.m2/repository/org/reactivestreams/reactive-streams/1.0.3/reactive-streams-1.0.3.jar:/Users/obi/.m2/repository/org/apache/httpcomponents/httpclient/4.5.13/httpclient-4.5.13.jar:/Users/obi/.m2/repository/org/apache/httpcomponents/httpcore/4.4.15/httpcore-4.4.15.jar:/Users/obi/.m2/repository/commons-codec/commons-codec/1.15/commons-codec-1.15.jar:/Users/obi/.m2/repository/de/codecentric/spring-boot-admin-starter-client/2.4.1/spring-boot-admin-starter-client-2.4.1.jar:/Users/obi/.m2/repository/de/codecentric/spring-boot-admin-client/2.4.1/spring-boot-admin-client-2.4.1.jar:/Users/obi/.m2/repository/org/springframework/boot/spring-boot-starter-actuator/2.6.7/spring-boot-starter-actuator-2.6.7.jar:/Users/obi/.m2/repository/org/springframework/boot/spring-boot-actuator-autoconfigure/2.6.7/spring-boot-actuator-autoconfigure-2.6.7.jar:/Users/obi/.m2/repository/org/springframework/boot/spring-boot-actuator/2.6.7/spring-boot-actuator-2.6.7.jar:/Users/obi/.m2/repository/io/micrometer/micrometer-core/1.8.5/micrometer-core-1.8.5.jar:/Users/obi/.m2/repository/org/hdrhistogram/HdrHistogram/2.1.12/HdrHistogram-2.1.12.jar:/Users/obi/.m2/repository/org/latencyutils/LatencyUtils/2.0.3/LatencyUtils-2.0.3.jar:/Users/obi/.m2/repository/org/springframework/session/spring-session-data-mongodb/2.6.3/spring-session-data-mongodb-2.6.3.jar:/Users/obi/.m2/repository/org/springframework/session/spring-session-core/2.6.3/spring-session-core-2.6.3.jar:/Users/obi/.m2/repository/com/fasterxml/jackson/core/jackson-databind/2.13.2.1/jackson-databind-2.13.2.1.jar:/Users/obi/.m2/repository/com/fasterxml/jackson/core/jackson-core/2.13.2/jackson-core-2.13.2.jar:/Users/obi/.m2/repository/org/springframework/security/spring-security-core/5.6.3/spring-security-core-5.6.3.jar:/Users/obi/.m2/repository/org/springframework/security/spring-security-crypto/5.6.3/spring-security-crypto-5.6.3.jar:/Users/obi/.m2/repository/com/google/code/findbugs/jsr305/3.0.2/jsr305-3.0.2.jar:"/>
    <property name="java.vm.vendor" value="Oracle Corporation"/>
    <property name="sun.arch.data.model" value="64"/>
    <property name="java.vendor.url" value="https://java.oracle.com/"/>
    <property name="os.name" value="Mac OS X"/>
    <property name="java.vm.specification.version" value="18"/>
    <property name="sun.java.launcher" value="SUN_STANDARD"/>
    <property name="user.country" value="GB"/>
    <property name="sun.boot.library.path" value="/Users/obi/Library/Java/JavaVirtualMachines/openjdk-18.0.1.1/Contents/Home/lib"/>
    <property name="sun.java.command" value="/Users/obi/Documents/Dev/DanSciGame/server/target/surefire/surefirebooter16875021870033614792.jar /Users/obi/Documents/Dev/DanSciGame/server/target/surefire 2022-06-06T10-25-33_727-jvmRun1 surefire562541158434055056tmp surefire_0517769587828394445tmp"/>
    <property name="http.nonProxyHosts" value="local|*.local|169.254/16|*.169.254/16"/>
    <property name="jdk.debug" value="release"/>
    <property name="surefire.test.class.path" value="/Users/obi/Documents/Dev/DanSciGame/server/target/test-classes:/Users/obi/Documents/Dev/DanSciGame/server/target/classes:/Users/obi/.m2/repository/org/springframework/boot/spring-boot-starter-data-mongodb/2.6.7/spring-boot-starter-data-mongodb-2.6.7.jar:/Users/obi/.m2/repository/org/springframework/boot/spring-boot-starter/2.6.7/spring-boot-starter-2.6.7.jar:/Users/obi/.m2/repository/org/springframework/boot/spring-boot/2.6.7/spring-boot-2.6.7.jar:/Users/obi/.m2/repository/org/springframework/boot/spring-boot-autoconfigure/2.6.7/spring-boot-autoconfigure-2.6.7.jar:/Users/obi/.m2/repository/org/springframework/boot/spring-boot-starter-logging/2.6.7/spring-boot-starter-logging-2.6.7.jar:/Users/obi/.m2/repository/ch/qos/logback/logback-classic/1.2.11/logback-classic-1.2.11.jar:/Users/obi/.m2/repository/ch/qos/logback/logback-core/1.2.11/logback-core-1.2.11.jar:/Users/obi/.m2/repository/org/apache/logging/log4j/log4j-to-slf4j/2.17.2/log4j-to-slf4j-2.17.2.jar:/Users/obi/.m2/repository/org/apache/logging/log4j/log4j-api/2.17.2/log4j-api-2.17.2.jar:/Users/obi/.m2/repository/org/slf4j/jul-to-slf4j/1.7.36/jul-to-slf4j-1.7.36.jar:/Users/obi/.m2/repository/jakarta/annotation/jakarta.annotation-api/1.3.5/jakarta.annotation-api-1.3.5.jar:/Users/obi/.m2/repository/org/yaml/snakeyaml/1.29/snakeyaml-1.29.jar:/Users/obi/.m2/repository/org/mongodb/mongodb-driver-sync/4.4.2/mongodb-driver-sync-4.4.2.jar:/Users/obi/.m2/repository/org/mongodb/bson/4.4.2/bson-4.4.2.jar:/Users/obi/.m2/repository/org/mongodb/mongodb-driver-core/4.4.2/mongodb-driver-core-4.4.2.jar:/Users/obi/.m2/repository/org/springframework/data/spring-data-mongodb/3.3.4/spring-data-mongodb-3.3.4.jar:/Users/obi/.m2/repository/org/springframework/spring-tx/5.3.19/spring-tx-5.3.19.jar:/Users/obi/.m2/repository/org/springframework/spring-context/5.3.19/spring-context-5.3.19.jar:/Users/obi/.m2/repository/org/springframework/spring-beans/5.3.19/spring-beans-5.3.19.jar:/Users/obi/.m2/repository/org/springframework/spring-expression/5.3.19/spring-expression-5.3.19.jar:/Users/obi/.m2/repository/org/springframework/data/spring-data-commons/2.6.4/spring-data-commons-2.6.4.jar:/Users/obi/.m2/repository/org/slf4j/slf4j-api/1.7.36/slf4j-api-1.7.36.jar:/Users/obi/.m2/repository/org/springframework/boot/spring-boot-starter-web/2.6.7/spring-boot-starter-web-2.6.7.jar:/Users/obi/.m2/repository/org/springframework/boot/spring-boot-starter-json/2.6.7/spring-boot-starter-json-2.6.7.jar:/Users/obi/.m2/repository/com/fasterxml/jackson/datatype/jackson-datatype-jdk8/2.13.2/jackson-datatype-jdk8-2.13.2.jar:/Users/obi/.m2/repository/com/fasterxml/jackson/datatype/jackson-datatype-jsr310/2.13.2/jackson-datatype-jsr310-2.13.2.jar:/Users/obi/.m2/repository/com/fasterxml/jackson/module/jackson-module-parameter-names/2.13.2/jackson-module-parameter-names-2.13.2.jar:/Users/obi/.m2/repository/org/springframework/boot/spring-boot-starter-tomcat/2.6.7/spring-boot-starter-tomcat-2.6.7.jar:/Users/obi/.m2/repository/org/apache/tomcat/embed/tomcat-embed-core/9.0.62/tomcat-embed-core-9.0.62.jar:/Users/obi/.m2/repository/org/apache/tomcat/embed/tomcat-embed-el/9.0.62/tomcat-embed-el-9.0.62.jar:/Users/obi/.m2/repository/org/apache/tomcat/embed/tomcat-embed-websocket/9.0.62/tomcat-embed-websocket-9.0.62.jar:/Users/obi/.m2/repository/org/springframework/spring-web/5.3.19/spring-web-5.3.19.jar:/Users/obi/.m2/repository/org/springframework/spring-webmvc/5.3.19/spring-webmvc-5.3.19.jar:/Users/obi/.m2/repository/org/springframework/spring-aop/5.3.19/spring-aop-5.3.19.jar:/Users/obi/.m2/repository/org/springframework/boot/spring-boot-starter-data-rest/2.6.7/spring-boot-starter-data-rest-2.6.7.jar:/Users/obi/.m2/repository/org/springframework/data/spring-data-rest-webmvc/3.6.4/spring-data-rest-webmvc-3.6.4.jar:/Users/obi/.m2/repository/org/springframework/data/spring-data-rest-core/3.6.4/spring-data-rest-core-3.6.4.jar:/Users/obi/.m2/repository/org/springframework/hateoas/spring-hateoas/1.4.2/spring-hateoas-1.4.2.jar:/Users/obi/.m2/repository/org/springframework/plugin/spring-plugin-core/2.0.0.RELEASE/spring-plugin-core-2.0.0.RELEASE.jar:/Users/obi/.m2/repository/org/atteo/evo-inflector/1.3/evo-inflector-1.3.jar:/Users/obi/.m2/repository/com/fasterxml/jackson/core/jackson-annotations/2.13.2/jackson-annotations-2.13.2.jar:/Users/obi/.m2/repository/org/projectlombok/lombok/1.18.24/lombok-1.18.24.jar:/Users/obi/.m2/repository/org/springframework/boot/spring-boot-starter-test/2.6.7/spring-boot-starter-test-2.6.7.jar:/Users/obi/.m2/repository/org/springframework/boot/spring-boot-test/2.6.7/spring-boot-test-2.6.7.jar:/Users/obi/.m2/repository/org/springframework/boot/spring-boot-test-autoconfigure/2.6.7/spring-boot-test-autoconfigure-2.6.7.jar:/Users/obi/.m2/repository/com/jayway/jsonpath/json-path/2.6.0/json-path-2.6.0.jar:/Users/obi/.m2/repository/net/minidev/json-smart/2.4.8/json-smart-2.4.8.jar:/Users/obi/.m2/repository/net/minidev/accessors-smart/2.4.8/accessors-smart-2.4.8.jar:/Users/obi/.m2/repository/org/ow2/asm/asm/9.1/asm-9.1.jar:/Users/obi/.m2/repository/jakarta/xml/bind/jakarta.xml.bind-api/2.3.3/jakarta.xml.bind-api-2.3.3.jar:/Users/obi/.m2/repository/jakarta/activation/jakarta.activation-api/1.2.2/jakarta.activation-api-1.2.2.jar:/Users/obi/.m2/repository/org/assertj/assertj-core/3.21.0/assertj-core-3.21.0.jar:/Users/obi/.m2/repository/org/hamcrest/hamcrest/2.2/hamcrest-2.2.jar:/Users/obi/.m2/repository/org/junit/jupiter/junit-jupiter/5.8.2/junit-jupiter-5.8.2.jar:/Users/obi/.m2/repository/org/junit/jupiter/junit-jupiter-api/5.8.2/junit-jupiter-api-5.8.2.jar:/Users/obi/.m2/repository/org/opentest4j/opentest4j/1.2.0/opentest4j-1.2.0.jar:/Users/obi/.m2/repository/org/junit/platform/junit-platform-commons/1.8.2/junit-platform-commons-1.8.2.jar:/Users/obi/.m2/repository/org/apiguardian/apiguardian-api/1.1.2/apiguardian-api-1.1.2.jar:/Users/obi/.m2/repository/org/junit/jupiter/junit-jupiter-params/5.8.2/junit-jupiter-params-5.8.2.jar:/Users/obi/.m2/repository/org/junit/jupiter/junit-jupiter-engine/5.8.2/junit-jupiter-engine-5.8.2.jar:/Users/obi/.m2/repository/org/junit/platform/junit-platform-engine/1.8.2/junit-platform-engine-1.8.2.jar:/Users/obi/.m2/repository/org/mockito/mockito-core/4.0.0/mockito-core-4.0.0.jar:/Users/obi/.m2/repository/net/bytebuddy/byte-buddy/1.11.22/byte-buddy-1.11.22.jar:/Users/obi/.m2/repository/net/bytebuddy/byte-buddy-agent/1.11.22/byte-buddy-agent-1.11.22.jar:/Users/obi/.m2/repository/org/objenesis/objenesis/3.2/objenesis-3.2.jar:/Users/obi/.m2/repository/org/mockito/mockito-junit-jupiter/4.0.0/mockito-junit-jupiter-4.0.0.jar:/Users/obi/.m2/repository/org/skyscreamer/jsonassert/1.5.0/jsonassert-1.5.0.jar:/Users/obi/.m2/repository/com/vaadin/external/google/android-json/0.0.20131108.vaadin1/android-json-0.0.20131108.vaadin1.jar:/Users/obi/.m2/repository/org/springframework/spring-core/5.3.19/spring-core-5.3.19.jar:/Users/obi/.m2/repository/org/springframework/spring-jcl/5.3.19/spring-jcl-5.3.19.jar:/Users/obi/.m2/repository/org/springframework/spring-test/5.3.19/spring-test-5.3.19.jar:/Users/obi/.m2/repository/org/xmlunit/xmlunit-core/2.8.4/xmlunit-core-2.8.4.jar:/Users/obi/.m2/repository/org/springframework/boot/spring-boot-starter-webflux/2.6.7/spring-boot-starter-webflux-2.6.7.jar:/Users/obi/.m2/repository/org/springframework/boot/spring-boot-starter-reactor-netty/2.6.7/spring-boot-starter-reactor-netty-2.6.7.jar:/Users/obi/.m2/repository/io/projectreactor/netty/reactor-netty-http/1.0.18/reactor-netty-http-1.0.18.jar:/Users/obi/.m2/repository/io/netty/netty-codec-http/4.1.76.Final/netty-codec-http-4.1.76.Final.jar:/Users/obi/.m2/repository/io/netty/netty-common/4.1.76.Final/netty-common-4.1.76.Final.jar:/Users/obi/.m2/repository/io/netty/netty-buffer/4.1.76.Final/netty-buffer-4.1.76.Final.jar:/Users/obi/.m2/repository/io/netty/netty-transport/4.1.76.Final/netty-transport-4.1.76.Final.jar:/Users/obi/.m2/repository/io/netty/netty-codec/4.1.76.Final/netty-codec-4.1.76.Final.jar:/Users/obi/.m2/repository/io/netty/netty-handler/4.1.76.Final/netty-handler-4.1.76.Final.jar:/Users/obi/.m2/repository/io/netty/netty-codec-http2/4.1.76.Final/netty-codec-http2-4.1.76.Final.jar:/Users/obi/.m2/repository/io/netty/netty-resolver-dns/4.1.76.Final/netty-resolver-dns-4.1.76.Final.jar:/Users/obi/.m2/repository/io/netty/netty-resolver/4.1.76.Final/netty-resolver-4.1.76.Final.jar:/Users/obi/.m2/repository/io/netty/netty-codec-dns/4.1.76.Final/netty-codec-dns-4.1.76.Final.jar:/Users/obi/.m2/repository/io/netty/netty-resolver-dns-native-macos/4.1.76.Final/netty-resolver-dns-native-macos-4.1.76.Final-osx-x86_64.jar:/Users/obi/.m2/repository/io/netty/netty-resolver-dns-classes-macos/4.1.76.Final/netty-resolver-dns-classes-macos-4.1.76.Final.jar:/Users/obi/.m2/repository/io/netty/netty-transport-native-epoll/4.1.76.Final/netty-transport-native-epoll-4.1.76.Final-linux-x86_64.jar:/Users/obi/.m2/repository/io/netty/netty-transport-native-unix-common/4.1.76.Final/netty-transport-native-unix-common-4.1.76.Final.jar:/Users/obi/.m2/repository/io/netty/netty-transport-classes-epoll/4.1.76.Final/netty-transport-classes-epoll-4.1.76.Final.jar:/Users/obi/.m2/repository/io/projectreactor/netty/reactor-netty-core/1.0.18/reactor-netty-core-1.0.18.jar:/Users/obi/.m2/repository/io/netty/netty-handler-proxy/4.1.76.Final/netty-handler-proxy-4.1.76.Final.jar:/Users/obi/.m2/repository/io/netty/netty-codec-socks/4.1.76.Final/netty-codec-socks-4.1.76.Final.jar:/Users/obi/.m2/repository/org/springframework/spring-webflux/5.3.19/spring-webflux-5.3.19.jar:/Users/obi/.m2/repository/io/projectreactor/reactor-core/3.4.17/reactor-core-3.4.17.jar:/Users/obi/.m2/repository/org/reactivestreams/reactive-streams/1.0.3/reactive-streams-1.0.3.jar:/Users/obi/.m2/repository/org/apache/httpcomponents/httpclient/4.5.13/httpclient-4.5.13.jar:/Users/obi/.m2/repository/org/apache/httpcomponents/httpcore/4.4.15/httpcore-4.4.15.jar:/Users/obi/.m2/repository/commons-codec/commons-codec/1.15/commons-codec-1.15.jar:/Users/obi/.m2/repository/de/codecentric/spring-boot-admin-starter-client/2.4.1/spring-boot-admin-starter-client-2.4.1.jar:/Users/obi/.m2/repository/de/codecentric/spring-boot-admin-client/2.4.1/spring-boot-admin-client-2.4.1.jar:/Users/obi/.m2/repository/org/springframework/boot/spring-boot-starter-actuator/2.6.7/spring-boot-starter-actuator-2.6.7.jar:/Users/obi/.m2/repository/org/springframework/boot/spring-boot-actuator-autoconfigure/2.6.7/spring-boot-actuator-autoconfigure-2.6.7.jar:/Users/obi/.m2/repository/org/springframework/boot/spring-boot-actuator/2.6.7/spring-boot-actuator-2.6.7.jar:/Users/obi/.m2/repository/io/micrometer/micrometer-core/1.8.5/micrometer-core-1.8.5.jar:/Users/obi/.m2/repository/org/hdrhistogram/HdrHistogram/2.1.12/HdrHistogram-2.1.12.jar:/Users/obi/.m2/repository/org/latencyutils/LatencyUtils/2.0.3/LatencyUtils-2.0.3.jar:/Users/obi/.m2/repository/org/springframework/session/spring-session-data-mongodb/2.6.3/spring-session-data-mongodb-2.6.3.jar:/Users/obi/.m2/repository/org/springframework/session/spring-session-core/2.6.3/spring-session-core-2.6.3.jar:/Users/obi/.m2/repository/com/fasterxml/jackson/core/jackson-databind/2.13.2.1/jackson-databind-2.13.2.1.jar:/Users/obi/.m2/repository/com/fasterxml/jackson/core/jackson-core/2.13.2/jackson-core-2.13.2.jar:/Users/obi/.m2/repository/org/springframework/security/spring-security-core/5.6.3/spring-security-core-5.6.3.jar:/Users/obi/.m2/repository/org/springframework/security/spring-security-crypto/5.6.3/spring-security-crypto-5.6.3.jar:/Users/obi/.m2/repository/com/google/code/findbugs/jsr305/3.0.2/jsr305-3.0.2.jar:"/>
    <property name="sun.cpu.endian" value="little"/>
    <property name="user.home" value="/Users/obi"/>
    <property name="user.language" value="en"/>
    <property name="java.specification.vendor" value="Oracle Corporation"/>
    <property name="java.version.date" value="2022-04-22"/>
    <property name="java.home" value="/Users/obi/Library/Java/JavaVirtualMachines/openjdk-18.0.1.1/Contents/Home"/>
    <property name="file.separator" value="/"/>
    <property name="basedir" value="/Users/obi/Documents/Dev/DanSciGame/server"/>
    <property name="java.vm.compressedOopsMode" value="Zero based"/>
    <property name="line.separator" value="&#10;"/>
    <property name="java.vm.specification.vendor" value="Oracle Corporation"/>
    <property name="java.specification.name" value="Java Platform API Specification"/>
    <property name="apple.awt.application.name" value="ForkedBooter"/>
    <property name="surefire.real.class.path" value="/Users/obi/Documents/Dev/DanSciGame/server/target/surefire/surefirebooter16875021870033614792.jar"/>
    <property name="sun.management.compiler" value="HotSpot 64-Bit Tiered Compilers"/>
    <property name="ftp.nonProxyHosts" value="local|*.local|169.254/16|*.169.254/16"/>
    <property name="java.runtime.version" value="18.0.1.1+2-6"/>
    <property name="user.name" value="obi"/>
    <property name="path.separator" value=":"/>
    <property name="os.version" value="11.6.6"/>
    <property name="java.runtime.name" value="OpenJDK Runtime Environment"/>
    <property name="file.encoding" value="UTF-8"/>
    <property name="java.vm.name" value="OpenJDK 64-Bit Server VM"/>
    <property name="localRepository" value="/Users/obi/.m2/repository"/>
    <property name="java.vendor.url.bug" value="https://bugreport.java.com/bugreport/"/>
    <property name="java.io.tmpdir" value="/var/folders/cw/d7ls5xrx45ldb9hb7079cn500000gn/T/"/>
    <property name="idea.version" value="2021.3.3"/>
    <property name="java.version" value="18.0.1.1"/>
    <property name="user.dir" value="/Users/obi/Documents/Dev/DanSciGame/server"/>
    <property name="os.arch" value="x86_64"/>
    <property name="java.vm.specification.name" value="Java Virtual Machine Specification"/>
    <property name="native.encoding" value="UTF-8"/>
    <property name="java.library.path" value="/Users/obi/Library/Java/Extensions:/Library/Java/Extensions:/Network/Library/Java/Extensions:/System/Library/Java/Extensions:/usr/lib/java:."/>
    <property name="java.vm.info" value="mixed mode, sharing"/>
    <property name="java.vendor" value="Oracle Corporation"/>
    <property name="java.vm.version" value="18.0.1.1+2-6"/>
    <property name="sun.io.unicode.encoding" value="UnicodeBig"/>
    <property name="socksNonProxyHosts" value="local|*.local|169.254/16|*.169.254/16"/>
    <property name="java.class.version" value="62.0"/>
  </properties>
  <testcase name="contextLoads" classname="dev.kanto.CyberGame.CyberGameApplicationTests" time="0.554"/>
</testsuite>